<?xml version="1.0" encoding="UTF-8"?>
<!-- Generated by org.testng.reporters.JUnitReportReporter -->
<testsuite skipped="0" hostname="EGDM1-MEMAD" name="GetRequest.GetData" tests="2" failures="0" timestamp="10 Sep 2019 10:01:47 GMT" time="3.199" errors="0">
  <testcase name="testResponseCode" time="1.734" classname="GetRequest.GetData"/>
  <testcase name="testResponseBody" time="1.465" classname="GetRequest.GetData"/>
</testsuite> <!-- GetRequest.GetData -->
