<?xml version="1.0" encoding="UTF-8"?>
<!-- Generated by org.testng.reporters.JUnitReportReporter -->
<testsuite skipped="0" hostname="EGDM1-MEMAD" name="PostRequest.PostData" tests="1" failures="0" timestamp="11 Sep 2019 12:45:51 GMT" time="1.337" errors="0">
  <testcase name="PostDataRequest" time="1.337" classname="PostRequest.PostData"/>
</testsuite> <!-- PostRequest.PostData -->
