<?xml version="1.0" encoding="UTF-8"?>
<!-- Generated by org.testng.reporters.JUnitReportReporter -->
<testsuite skipped="0" hostname="EGDM1-MEMAD" name="PostRequest.WrappedServiceAPITest" tests="1" failures="0" timestamp="11 Sep 2019 13:05:34 GMT" time="1.401" errors="0">
  <testcase name="readCustomerData" time="1.401" classname="PostRequest.WrappedServiceAPITest"/>
</testsuite> <!-- PostRequest.WrappedServiceAPITest -->
