<?xml version="1.0" encoding="UTF-8"?>
<!-- Generated by org.testng.reporters.JUnitReportReporter -->
<testsuite skipped="0" hostname="EGDM1-MEMAD" name="Authentications.RestAssuredAuth" tests="1" failures="0" timestamp="10 Sep 2019 12:25:36 GMT" time="1.648" errors="0">
  <testcase name="TestAuthentications" time="1.648" classname="Authentications.RestAssuredAuth"/>
</testsuite> <!-- Authentications.RestAssuredAuth -->
