<?xml version="1.0" encoding="UTF-8"?>
<!-- Generated by org.testng.reporters.JUnitReportReporter -->
<testsuite skipped="0" hostname="EGDM1-MEMAD" name="PostRequest.PostSoapReq" tests="1" failures="0" timestamp="19 Sep 2019 08:30:49 GMT" time="8.353" errors="0">
  <testcase name="xmlPostRequest_Test" time="8.353" classname="PostRequest.PostSoapReq"/>
</testsuite> <!-- PostRequest.PostSoapReq -->
